Tue Jan 29 2019 23:01:08 GMT+0530 (India Standard Time): GET /
Tue Jan 29 2019 23:01:11 GMT+0530 (India Standard Time): GET /about
Tue Jan 29 2019 23:01:12 GMT+0530 (India Standard Time): GET /about
Tue Jan 29 2019 23:01:40 GMT+0530 (India Standard Time): GET /about
Wed Jan 30 2019 19:55:34 GMT+0530 (India Standard Time): GET /
Wed Jan 30 2019 19:55:35 GMT+0530 (India Standard Time): GET /favicon.ico
Wed Jan 30 2019 19:55:40 GMT+0530 (India Standard Time): GET /about
Wed Jan 30 2019 19:55:42 GMT+0530 (India Standard Time): GET /
Wed Jan 30 2019 19:59:29 GMT+0530 (India Standard Time): GET /
Wed Jan 30 2019 20:00:12 GMT+0530 (India Standard Time): GET /help.html
Wed Jan 30 2019 20:00:21 GMT+0530 (India Standard Time): GET /about
Wed Jan 30 2019 20:01:18 GMT+0530 (India Standard Time): GET /
Wed Jan 30 2019 20:01:19 GMT+0530 (India Standard Time): GET /
Wed Jan 30 2019 20:01:19 GMT+0530 (India Standard Time): GET /
Wed Jan 30 2019 20:02:08 GMT+0530 (India Standard Time): GET /
Wed Jan 30 2019 20:03:44 GMT+0530 (India Standard Time): GET /
Wed Jan 30 2019 20:27:36 GMT+0530 (India Standard Time): GET /
Wed Jan 30 2019 21:00:04 GMT+0530 (India Standard Time): GET /
Mon Feb 11 2019 18:51:14 GMT+0530 (India Standard Time): GET /
Mon Feb 11 2019 18:54:55 GMT+0530 (India Standard Time): GET /about
Mon Feb 11 2019 18:55:11 GMT+0530 (India Standard Time): GET /help.html
Mon Feb 11 2019 19:58:15 GMT+0530 (India Standard Time): GET /
Mon Feb 11 2019 19:58:18 GMT+0530 (India Standard Time): GET /
Mon Feb 11 2019 19:58:19 GMT+0530 (India Standard Time): GET /about
Mon Feb 11 2019 19:58:20 GMT+0530 (India Standard Time): GET /
Mon Feb 11 2019 19:58:25 GMT+0530 (India Standard Time): GET /about
Mon Feb 11 2019 19:58:34 GMT+0530 (India Standard Time): GET /maintanence
